<?xml version="1.0" encoding="UTF-8"?>
<!-- Generated by org.testng.reporters.JUnitReportReporter -->
<testsuite hostname="192.168.0.113" failures="0" tests="1" name="com.apar.testscripts.GetBookingById" time="1.454" errors="0" timestamp="2025-02-20T00:49:11 IST" skipped="0">
  <testcase classname="com.apar.testscripts.GetBookingById" name="getBookDetails" time="1.454"/>
</testsuite> <!-- com.apar.testscripts.GetBookingById -->
