<?xml version="1.0" encoding="UTF-8"?>
<!-- Generated by org.testng.reporters.JUnitReportReporter -->
<testsuite hostname="192.168.0.113" failures="0" tests="1" name="com.apar.testscripts.CreateBooking" time="2.651" errors="0" timestamp="2025-02-20T00:49:11 IST" skipped="0">
  <testcase classname="com.apar.testscripts.CreateBooking" name="createBooking" time="2.651"/>
</testsuite> <!-- com.apar.testscripts.CreateBooking -->
